Date Parameters
-----------------------------
First date : 2022-08-01
Number of days : 31
Last date : 2022-08-31

Config Parameters
-----------------------------
gen, True
super_smoothening_kernel, [10, 10]
threshold_mergepeaks, 120
threshold_duration, 120
threshold_snr_region, 1
threshold_upturns, 3
nsigma, 0.3
aggression (< 20200520), 0.7

RunTime Information
-----------------------------
2024-11-07 18:01:25.801143 : creation date
b9e494e5e18c2fa2876d3d755a6dabe0724765c4 : SD commit

Total runtime (s) : 2249.76
Number of processors : 4

BASE_DIR/recreate/XSM_Processed_ Plots(.png), Summary(.csv)